Using pre-set license
Built from '2020.3/staging' branch; Version is '2020.3.29f1 (2ff179115da0) revision 3142009'; Using compiler version '192528614'; Build Type 'Release'
OS: 'Windows 10  (10.0.18363) 64bit Professional' Language: 'en' Physical Memory: 7132 MB
BatchMode: 1, IsHumanControllingUs: 0, StartBugReporterOnCrash: 0, Is64bit: 1, IsPro: 0

COMMAND LINE ARGUMENTS:
D:\Unity\2020.3.29f1\Editor\Unity.exe
-adb2
-batchMode
-noUpm
-name
AssetImportWorker0
-projectPath
E:/project/udemy/3D dutorial/Obstacles/Obstacle
-logFile
Logs/AssetImportWorker0.log
-srvPort
12584
Successfully changed project path to: E:/project/udemy/3D dutorial/Obstacles/Obstacle
E:/project/udemy/3D dutorial/Obstacles/Obstacle
Using Asset Import Pipeline V2.
Refreshing native plugins compatible for Editor in 154.06 ms, found 2 plugins.
Preloading 0 native plugins for Editor in 0.00 ms.
Initialize engine version: 2020.3.29f1 (2ff179115da0)
[Subsystems] Discovering subsystems at path D:/Unity/2020.3.29f1/Editor/Data/Resources/UnitySubsystems
[Subsystems] Discovering subsystems at path E:/project/udemy/3D dutorial/Obstacles/Obstacle/Assets
GfxDevice: creating device client; threaded=0
Direct3D:
    Version:  Direct3D 11.0 [level 11.1]
    Renderer: AMD Radeon(TM) R5 Graphics (ID=0x9851)
    Vendor:   
    VRAM:     3566 MB
    Driver:   27.20.1034.6
Initialize mono
Mono path[0] = 'D:/Unity/2020.3.29f1/Editor/Data/Managed'
Mono path[1] = 'D:/Unity/2020.3.29f1/Editor/Data/MonoBleedingEdge/lib/mono/unityjit'
Mono config path = 'D:/Unity/2020.3.29f1/Editor/Data/MonoBleedingEdge/etc'
Using monoOptions --debugger-agent=transport=dt_socket,embedding=1,server=y,suspend=n,address=127.0.0.1:56588
Begin MonoManager ReloadAssembly
Registering precompiled unity dll's ...
Register platform support module: D:/Unity/2020.3.29f1/Editor/Data/PlaybackEngines/WindowsStandaloneSupport/UnityEditor.WindowsStandalone.Extensions.dll
Registered in 0.004683 seconds.
Native extension for WindowsStandalone target not found
Refreshing native plugins compatible for Editor in 159.38 ms, found 2 plugins.
Preloading 0 native plugins for Editor in 0.00 ms.
Mono: successfully reloaded assembly
- Completed reload, in  2.617 seconds
Domain Reload Profiling:
	ReloadAssembly (2618ms)
		BeginReloadAssembly (247ms)
			ExecutionOrderSort (0ms)
			DisableScriptedObjects (0ms)
			BackupInstance (0ms)
			ReleaseScriptingObjects (0ms)
			CreateAndSetChildDomain (3ms)
		EndReloadAssembly (2059ms)
			LoadAssemblies (243ms)
			RebuildTransferFunctionScriptingTraits (0ms)
			SetupTypeCache (725ms)
			ReleaseScriptCaches (0ms)
			RebuildScriptCaches (141ms)
			SetupLoadedEditorAssemblies (767ms)
				LogAssemblyErrors (0ms)
				InitializePlatformSupportModulesInManaged (16ms)
				SetLoadedEditorAssemblies (1ms)
				RefreshPlugins (160ms)
				BeforeProcessingInitializeOnLoad (66ms)
				ProcessInitializeOnLoadAttributes (385ms)
				ProcessInitializeOnLoadMethodAttributes (139ms)
				AfterProcessingInitializeOnLoad (0ms)
				EditorAssembliesLoaded (1ms)
			ExecutionOrderSort2 (0ms)
			AwakeInstancesAfterBackupRestoration (0ms)
Platform modules already initialized, skipping
Registering precompiled user dll's ...
Registered in 0.010273 seconds.
Begin MonoManager ReloadAssembly
Native extension for WindowsStandalone target not found
Refreshing native plugins compatible for Editor in 1.28 ms, found 2 plugins.
Preloading 0 native plugins for Editor in 0.00 ms.
Mono: successfully reloaded assembly
- Completed reload, in  4.495 seconds
Domain Reload Profiling:
	ReloadAssembly (4497ms)
		BeginReloadAssembly (641ms)
			ExecutionOrderSort (0ms)
			DisableScriptedObjects (20ms)
			BackupInstance (0ms)
			ReleaseScriptingObjects (0ms)
			CreateAndSetChildDomain (75ms)
		EndReloadAssembly (3580ms)
			LoadAssemblies (370ms)
			RebuildTransferFunctionScriptingTraits (0ms)
			SetupTypeCache (1341ms)
			ReleaseScriptCaches (1ms)
			RebuildScriptCaches (187ms)
			SetupLoadedEditorAssemblies (1275ms)
				LogAssemblyErrors (0ms)
				InitializePlatformSupportModulesInManaged (16ms)
				SetLoadedEditorAssemblies (2ms)
				RefreshPlugins (2ms)
				BeforeProcessingInitializeOnLoad (328ms)
				ProcessInitializeOnLoadAttributes (879ms)
				ProcessInitializeOnLoadMethodAttributes (37ms)
				AfterProcessingInitializeOnLoad (11ms)
				EditorAssembliesLoaded (1ms)
			ExecutionOrderSort2 (0ms)
			AwakeInstancesAfterBackupRestoration (29ms)
Platform modules already initialized, skipping
========================================================================
Worker process is ready to serve import requests
Launched and connected shader compiler UnityShaderCompiler.exe after 0.23 seconds
Refreshing native plugins compatible for Editor in 1.22 ms, found 2 plugins.
Preloading 0 native plugins for Editor in 0.00 ms.
Unloading 1502 Unused Serialized files (Serialized files now loaded: 0)
System memory in use before: 67.5 MB.
System memory in use after: 67.6 MB.

Unloading 16 unused Assets to reduce memory usage. Loaded Objects now: 1937.
Total: 10.263100 ms (FindLiveObjects: 0.526600 ms CreateObjectMapping: 0.154400 ms MarkObjects: 9.320900 ms  DeleteObjects: 0.257200 ms)

AssetImportParameters requested are different than current active one (requested -> active):
  custom:framework-win-MediaFoundation: 216162199b28c13a410421893ffa2e32 -> 
  custom:video-decoder-ogg-theora: a1e56fd34408186e4bbccfd4996cb3dc -> 
  custom:container-muxer-webm: aa71ff27fc2769a1b78a27578f13a17b -> 
  custom:container-demuxer-webm: 4f35f7cbe854078d1ac9338744f61a02 -> 
  custom:container-demuxer-ogg: 62fdf1f143b41e24485cea50d1cbac27 -> 
  custom:video-encoder-webm-vp8: eb34c28f22e8b96e1ab97ce403110664 -> 
  custom:video-decoder-webm-vp8: 9c59270c3fd7afecdb556c50c9e8de78 -> 
  custom:audio-decoder-ogg-vorbis: bf7c407c2cedff20999df2af8eb42d56 -> 
  custom:audio-encoder-webm-vorbis: bf7c407c2cedff20999df2af8eb42d56 -> 
========================================================================
Received Import Request.
  path: Assets/Material
  artifactKey: Guid(602cc27e37dca5d46b2fcf4437f96fff) Importer(815301076,1909f56bfc062723c751e8b465ee728b)
Start importing Assets/Material using Guid(602cc27e37dca5d46b2fcf4437f96fff) Importer(815301076,1909f56bfc062723c751e8b465ee728b)  -> (artifact id: 'e5b64c80c991d3ff3a3de21c68a5045f') in 0.029416 seconds 
  Import took 0.037074 seconds .

========================================================================
Received Import Request.
  Time since last request: 1.454103 seconds.
  path: Assets/Material/Blue.mat
  artifactKey: Guid(49358eb4f62be7b49a1fd3130cca8947) Importer(815301076,1909f56bfc062723c751e8b465ee728b)
Start importing Assets/Material/Blue.mat using Guid(49358eb4f62be7b49a1fd3130cca8947) Importer(815301076,1909f56bfc062723c751e8b465ee728b)  -> (artifact id: 'ccad2cba767b3d15a027d9e3e74b6688') in 0.662721 seconds 
  Import took 0.672093 seconds .

========================================================================
Received Import Request.
  Time since last request: 8.605635 seconds.
  path: Assets/Material/Blue 1.mat
  artifactKey: Guid(e2095cc2943cb2e42a9e894d9c2315ed) Importer(815301076,1909f56bfc062723c751e8b465ee728b)
Start importing Assets/Material/Blue 1.mat using Guid(e2095cc2943cb2e42a9e894d9c2315ed) Importer(815301076,1909f56bfc062723c751e8b465ee728b)  -> (artifact id: 'df27057949f82df4b1402512bbb878c6') in 0.118993 seconds 
  Import took 0.128630 seconds .

========================================================================
Received Import Request.
  Time since last request: 0.000543 seconds.
  path: Assets/Material/Blue.mat
  artifactKey: Guid(49358eb4f62be7b49a1fd3130cca8947) Importer(815301076,1909f56bfc062723c751e8b465ee728b)
Start importing Assets/Material/Blue.mat using Guid(49358eb4f62be7b49a1fd3130cca8947) Importer(815301076,1909f56bfc062723c751e8b465ee728b)  -> (artifact id: 'ba0baf2593109fdf87cb734cad4edd35') in 0.035517 seconds 
  Import took 0.044616 seconds .

========================================================================
Received Import Request.
  Time since last request: 0.081405 seconds.
  path: Assets/Material/Blue 2.mat
  artifactKey: Guid(47abb65bfc998d94182fc678b29b3f62) Importer(815301076,1909f56bfc062723c751e8b465ee728b)
Start importing Assets/Material/Blue 2.mat using Guid(47abb65bfc998d94182fc678b29b3f62) Importer(815301076,1909f56bfc062723c751e8b465ee728b)  -> (artifact id: '34b3476c92760246fbdafcf659e4e4cf') in 0.048289 seconds 
  Import took 0.057136 seconds .

========================================================================
Received Import Request.
  Time since last request: 0.807861 seconds.
  path: Assets/Material/Blue 3.mat
  artifactKey: Guid(9ec6000c28a0fb94b95c1aae699866fb) Importer(815301076,1909f56bfc062723c751e8b465ee728b)
Start importing Assets/Material/Blue 3.mat using Guid(9ec6000c28a0fb94b95c1aae699866fb) Importer(815301076,1909f56bfc062723c751e8b465ee728b)  -> (artifact id: '1731df3e9487784fc3f7f5de72033a81') in 0.051843 seconds 
  Import took 0.063686 seconds .

========================================================================
Received Import Request.
  Time since last request: 17.361225 seconds.
  path: Assets/Material/Red.mat
  artifactKey: Guid(47abb65bfc998d94182fc678b29b3f62) Importer(815301076,1909f56bfc062723c751e8b465ee728b)
Start importing Assets/Material/Red.mat using Guid(47abb65bfc998d94182fc678b29b3f62) Importer(815301076,1909f56bfc062723c751e8b465ee728b)  -> (artifact id: '0c1d91e6e32a2be62d688efe26aba77f') in 0.103788 seconds 
  Import took 0.115784 seconds .

========================================================================
Received Import Request.
  Time since last request: 22.871946 seconds.
  path: Assets/Material/Green.mat
  artifactKey: Guid(e2095cc2943cb2e42a9e894d9c2315ed) Importer(815301076,1909f56bfc062723c751e8b465ee728b)
Start importing Assets/Material/Green.mat using Guid(e2095cc2943cb2e42a9e894d9c2315ed) Importer(815301076,1909f56bfc062723c751e8b465ee728b)  -> (artifact id: '537eee9e4e2bd4461b203b2faf3f3045') in 0.051703 seconds 
  Import took 0.062237 seconds .

========================================================================
Received Import Request.
  Time since last request: 12.822681 seconds.
  path: Assets/Material/Pink.mat
  artifactKey: Guid(9ec6000c28a0fb94b95c1aae699866fb) Importer(815301076,1909f56bfc062723c751e8b465ee728b)
Start importing Assets/Material/Pink.mat using Guid(9ec6000c28a0fb94b95c1aae699866fb) Importer(815301076,1909f56bfc062723c751e8b465ee728b)  -> (artifact id: 'e695f7a1357f5cd25240f9ac21dca49d') in 0.051501 seconds 
  Import took 0.060673 seconds .

========================================================================
Received Import Request.
  Time since last request: 220.720120 seconds.
  path: Assets
  artifactKey: Guid(00000000000000001000000000000000) Importer(815301076,1909f56bfc062723c751e8b465ee728b)
Start importing Assets using Guid(00000000000000001000000000000000) Importer(815301076,1909f56bfc062723c751e8b465ee728b)  -> (artifact id: '42d402b061de3733987d63b9cc3b64de') in 0.028939 seconds 
  Import took 0.036760 seconds .

========================================================================
Received Import Request.
  Time since last request: 4.335784 seconds.
  path: Assets/Script.cs
  artifactKey: Guid(461fac9f199bfda4dbee69817f1321da) Importer(815301076,1909f56bfc062723c751e8b465ee728b)
Start importing Assets/Script.cs using Guid(461fac9f199bfda4dbee69817f1321da) Importer(815301076,1909f56bfc062723c751e8b465ee728b)  -> (artifact id: '00b12be6fad7748d10817e416cb846bc') in 0.288777 seconds 
  Import took 0.297663 seconds .

========================================================================
Received Prepare
Registering precompiled user dll's ...
Registered in 0.008315 seconds.
Begin MonoManager ReloadAssembly
Native extension for WindowsStandalone target not found
Refreshing native plugins compatible for Editor in 1.19 ms, found 2 plugins.
Preloading 0 native plugins for Editor in 0.00 ms.
Mono: successfully reloaded assembly
- Completed reload, in  4.078 seconds
Domain Reload Profiling:
	ReloadAssembly (4079ms)
		BeginReloadAssembly (406ms)
			ExecutionOrderSort (0ms)
			DisableScriptedObjects (21ms)
			BackupInstance (0ms)
			ReleaseScriptingObjects (0ms)
			CreateAndSetChildDomain (116ms)
		EndReloadAssembly (3405ms)
			LoadAssemblies (372ms)
			RebuildTransferFunctionScriptingTraits (0ms)
			SetupTypeCache (1311ms)
			ReleaseScriptCaches (3ms)
			RebuildScriptCaches (179ms)
			SetupLoadedEditorAssemblies (1108ms)
				LogAssemblyErrors (0ms)
				InitializePlatformSupportModulesInManaged (17ms)
				SetLoadedEditorAssemblies (2ms)
				RefreshPlugins (1ms)
				BeforeProcessingInitializeOnLoad (297ms)
				ProcessInitializeOnLoadAttributes (745ms)
				ProcessInitializeOnLoadMethodAttributes (34ms)
				AfterProcessingInitializeOnLoad (11ms)
				EditorAssembliesLoaded (1ms)
			ExecutionOrderSort2 (0ms)
			AwakeInstancesAfterBackupRestoration (26ms)
Platform modules already initialized, skipping
Refreshing native plugins compatible for Editor in 1.17 ms, found 2 plugins.
Preloading 0 native plugins for Editor in 0.00 ms.
Unloading 1496 Unused Serialized files (Serialized files now loaded: 0)
System memory in use before: 70.7 MB.
System memory in use after: 70.8 MB.

Unloading 11 unused Assets to reduce memory usage. Loaded Objects now: 1979.
Total: 10.105700 ms (FindLiveObjects: 0.525900 ms CreateObjectMapping: 0.152400 ms MarkObjects: 9.355200 ms  DeleteObjects: 0.068100 ms)

AssetImportParameters requested are different than current active one (requested -> active):
  custom:framework-win-MediaFoundation: 216162199b28c13a410421893ffa2e32 -> 
  custom:video-decoder-ogg-theora: a1e56fd34408186e4bbccfd4996cb3dc -> 
  custom:container-muxer-webm: aa71ff27fc2769a1b78a27578f13a17b -> 
  custom:container-demuxer-webm: 4f35f7cbe854078d1ac9338744f61a02 -> 
  custom:container-demuxer-ogg: 62fdf1f143b41e24485cea50d1cbac27 -> 
  custom:video-encoder-webm-vp8: eb34c28f22e8b96e1ab97ce403110664 -> 
  custom:video-decoder-webm-vp8: 9c59270c3fd7afecdb556c50c9e8de78 -> 
  custom:audio-decoder-ogg-vorbis: bf7c407c2cedff20999df2af8eb42d56 -> 
  custom:audio-encoder-webm-vorbis: bf7c407c2cedff20999df2af8eb42d56 -> 
========================================================================
Received Import Request.
  Time since last request: 18.821655 seconds.
  path: Assets/Script
  artifactKey: Guid(a5635184043be2849ae032965109ae44) Importer(815301076,1909f56bfc062723c751e8b465ee728b)
Start importing Assets/Script using Guid(a5635184043be2849ae032965109ae44) Importer(815301076,1909f56bfc062723c751e8b465ee728b)  -> (artifact id: 'eddf842abc3ff6283ca59c1a5066dafa') in 0.016097 seconds 
  Import took 0.025739 seconds .

========================================================================
Received Import Request.
  Time since last request: 13.866892 seconds.
  path: Assets/Script/PlayerMove.cs
  artifactKey: Guid(4aa435a40aad6404a853fa194429db8d) Importer(815301076,1909f56bfc062723c751e8b465ee728b)
Start importing Assets/Script/PlayerMove.cs using Guid(4aa435a40aad6404a853fa194429db8d) Importer(815301076,1909f56bfc062723c751e8b465ee728b)  -> (artifact id: 'db8304c56fa9711d3e87d03a913fd25a') in 0.053921 seconds 
  Import took 0.075551 seconds .

========================================================================
Received Prepare
Registering precompiled user dll's ...
Registered in 0.008299 seconds.
Begin MonoManager ReloadAssembly
Native extension for WindowsStandalone target not found
Refreshing native plugins compatible for Editor in 1.21 ms, found 2 plugins.
Preloading 0 native plugins for Editor in 0.00 ms.
Mono: successfully reloaded assembly
- Completed reload, in  5.359 seconds
Domain Reload Profiling:
	ReloadAssembly (5361ms)
		BeginReloadAssembly (433ms)
			ExecutionOrderSort (0ms)
			DisableScriptedObjects (18ms)
			BackupInstance (0ms)
			ReleaseScriptingObjects (0ms)
			CreateAndSetChildDomain (125ms)
		EndReloadAssembly (4341ms)
			LoadAssemblies (417ms)
			RebuildTransferFunctionScriptingTraits (186ms)
			SetupTypeCache (1807ms)
			ReleaseScriptCaches (6ms)
			RebuildScriptCaches (289ms)
			SetupLoadedEditorAssemblies (1167ms)
				LogAssemblyErrors (0ms)
				InitializePlatformSupportModulesInManaged (18ms)
				SetLoadedEditorAssemblies (3ms)
				RefreshPlugins (1ms)
				BeforeProcessingInitializeOnLoad (303ms)
				ProcessInitializeOnLoadAttributes (778ms)
				ProcessInitializeOnLoadMethodAttributes (52ms)
				AfterProcessingInitializeOnLoad (11ms)
				EditorAssembliesLoaded (1ms)
			ExecutionOrderSort2 (0ms)
			AwakeInstancesAfterBackupRestoration (53ms)
Platform modules already initialized, skipping
Refreshing native plugins compatible for Editor in 1.26 ms, found 2 plugins.
Preloading 0 native plugins for Editor in 0.00 ms.
Unloading 1497 Unused Serialized files (Serialized files now loaded: 0)
System memory in use before: 70.8 MB.
System memory in use after: 70.9 MB.

Unloading 11 unused Assets to reduce memory usage. Loaded Objects now: 1982.
Total: 9.813100 ms (FindLiveObjects: 0.549500 ms CreateObjectMapping: 0.156700 ms MarkObjects: 9.039400 ms  DeleteObjects: 0.063400 ms)

AssetImportParameters requested are different than current active one (requested -> active):
  custom:framework-win-MediaFoundation: 216162199b28c13a410421893ffa2e32 -> 
  custom:video-decoder-ogg-theora: a1e56fd34408186e4bbccfd4996cb3dc -> 
  custom:container-muxer-webm: aa71ff27fc2769a1b78a27578f13a17b -> 
  custom:container-demuxer-webm: 4f35f7cbe854078d1ac9338744f61a02 -> 
  custom:container-demuxer-ogg: 62fdf1f143b41e24485cea50d1cbac27 -> 
  custom:video-encoder-webm-vp8: eb34c28f22e8b96e1ab97ce403110664 -> 
  custom:video-decoder-webm-vp8: 9c59270c3fd7afecdb556c50c9e8de78 -> 
  custom:audio-decoder-ogg-vorbis: bf7c407c2cedff20999df2af8eb42d56 -> 
  custom:audio-encoder-webm-vorbis: bf7c407c2cedff20999df2af8eb42d56 -> 
AssetImportWorkerClient::OnTransportError - code=2 error=End of file
